<?xml version="1.0" encoding="UTF-8"?>
<!-- Generated by org.testng.reporters.JUnitReportReporter -->
<testsuite hostname="Abhilash" failures="0" tests="1" name="TestFile.ALTC04_SearchOneWayFlight" time="37.283" errors="0" timestamp="2024-09-23T09:25:41 IST" skipped="0">
  <testcase classname="TestFile.ALTC04_SearchOneWayFlight" name="Oneway" time="37.283"/>
  <system-out>
    <![CDATA[Testcase is Passed]]>
  </system-out>
</testsuite> <!-- TestFile.ALTC04_SearchOneWayFlight -->
