<?xml version="1.0" encoding="UTF-8"?>
<!-- Generated by org.testng.reporters.JUnitReportReporter -->
<testsuite hostname="Abhilash" failures="0" tests="1" name="TestFile.ALTC06_DifferentClasses" time="34.208" errors="0" timestamp="2024-09-23T09:27:26 IST" skipped="0">
  <testcase classname="TestFile.ALTC06_DifferentClasses" name="Diffrentclass" time="34.208"/>
  <system-out>
    <![CDATA[Testcase is Passed]]>
  </system-out>
</testsuite> <!-- TestFile.ALTC06_DifferentClasses -->
