<?xml version="1.0" encoding="UTF-8"?>
<!-- Generated by org.testng.reporters.JUnitReportReporter -->
<testsuite hostname="Abhilash" failures="0" tests="1" name="TestFile.ALTC14_DomesticRoundTrip" time="34.042" errors="0" timestamp="2024-09-16T17:50:32 IST" skipped="0">
  <testcase classname="TestFile.ALTC14_DomesticRoundTrip" name="DomesticRoundtrip" time="34.042"/>
  <system-out/>
</testsuite> <!-- TestFile.ALTC14_DomesticRoundTrip -->
