<?xml version="1.0" encoding="UTF-8"?>
<!-- Generated by org.testng.reporters.JUnitReportReporter -->
<testsuite hostname="Abhilash" failures="0" tests="1" name="TestFile.ALTC03_LoginInvalidCredentials" time="11.765" errors="0" timestamp="2024-09-20T22:46:44 IST" skipped="0">
  <testcase classname="TestFile.ALTC03_LoginInvalidCredentials" name="ILogin" time="11.765"/>
  <system-out>
    <![CDATA[Testcase is Passed]]>
  </system-out>
</testsuite> <!-- TestFile.ALTC03_LoginInvalidCredentials -->
