<?xml version="1.0" encoding="UTF-8"?>
<!-- Generated by org.testng.reporters.JUnitReportReporter -->
<testsuite hostname="Abhilash" failures="0" tests="1" name="TestFile.ALTC09_HandleMultpilePassengers" time="101.771" errors="0" timestamp="2024-09-23T11:32:15 IST" skipped="0">
  <testcase classname="TestFile.ALTC09_HandleMultpilePassengers" name="HandleMultpulePassengers" time="101.771"/>
  <system-out>
    <![CDATA[Testcase is Passed]]>
  </system-out>
</testsuite> <!-- TestFile.ALTC09_HandleMultpilePassengers -->
