<?xml version="1.0" encoding="UTF-8"?>
<!-- Generated by org.testng.reporters.JUnitReportReporter -->
<testsuite hostname="Abhilash" failures="0" tests="1" name="TestFile.ALTC05_SearchRoundTrip" time="37.519" errors="0" timestamp="2024-09-23T09:26:40 IST" skipped="0">
  <testcase classname="TestFile.ALTC05_SearchRoundTrip" name="roundtrip" time="37.519"/>
  <system-out>
    <![CDATA[Testcase is Passed]]>
  </system-out>
</testsuite> <!-- TestFile.ALTC05_SearchRoundTrip -->
