<?xml version="1.0" encoding="UTF-8"?>
<!-- Generated by org.testng.reporters.JUnitReportReporter -->
<testsuite hostname="Abhilash" failures="0" tests="1" name="TestFile.ALTC11_ValidatingSearchFillDetails" time="74.413" errors="0" timestamp="2024-09-23T11:42:17 IST" skipped="0">
  <testcase classname="TestFile.ALTC11_ValidatingSearchFillDetails" name="CustomerDetails" time="74.413"/>
  <system-out>
    <![CDATA[Testcase is Passed]]>
  </system-out>
</testsuite> <!-- TestFile.ALTC11_ValidatingSearchFillDetails -->
