<?xml version="1.0" encoding="UTF-8"?>
<!-- Generated by org.testng.reporters.JUnitReportReporter -->
<testsuite hostname="Abhilash" failures="0" tests="1" name="TestFile.ALTC15_PaymentCardCreditCard" time="126.861" errors="0" timestamp="2024-09-17T09:27:20 IST" skipped="0">
  <testcase classname="TestFile.ALTC15_PaymentCardCreditCard" name="CreditCardPaymentc" time="126.861"/>
  <system-out/>
</testsuite> <!-- TestFile.ALTC15_PaymentCardCreditCard -->
