<?xml version="1.0" encoding="UTF-8"?>
<!-- Generated by org.testng.reporters.JUnitReportReporter -->
<testsuite hostname="Abhilash" failures="0" tests="1" name="TestFile.ALTC10_FightInformationBaggageRules" time="49.935" errors="0" timestamp="2024-09-23T11:40:19 IST" skipped="0">
  <testcase classname="TestFile.ALTC10_FightInformationBaggageRules" name="FlightInformation" time="49.935"/>
  <system-out>
    <![CDATA[Testcase is Passed]]>
  </system-out>
</testsuite> <!-- TestFile.ALTC10_FightInformationBaggageRules -->
