<?xml version="1.0" encoding="UTF-8"?>
<!-- Generated by org.testng.reporters.JUnitReportReporter -->
<testsuite hostname="Abhilash" failures="0" tests="1" name="TestFile.ALTC02_LoginCorrectCredentials" time="11.460" errors="0" timestamp="2024-09-23T09:23:13 IST" skipped="0">
  <testcase classname="TestFile.ALTC02_LoginCorrectCredentials" name="login" time="11.460"/>
  <system-out>
    <![CDATA[Testcase is Passed]]>
  </system-out>
</testsuite> <!-- TestFile.ALTC02_LoginCorrectCredentials -->
