<?xml version="1.0" encoding="UTF-8"?>
<!-- Generated by org.testng.reporters.JUnitReportReporter -->
<testsuite hostname="Abhilash" failures="0" tests="1" name="TestFile.ALTC14_DomesticRoundTrip" time="37.229" errors="0" timestamp="2024-09-18T09:58:37 IST" skipped="0">
  <testcase classname="TestFile.ALTC14_DomesticRoundTrip" name="DomesticRoundtrip" time="37.229">
    <system-out>
      <![CDATA[Testcase is Passed]]>
    </system-out>
  </testcase> <!-- DomesticRoundtrip -->
  <system-out>
    <![CDATA[TestCASE is Failed
Testcase is Passed
TestCASE is Failed
Testcase is Passed
Testcase is Passed
Testcase is Passed
Testcase is Passed
Testcase is Passed
Testcase is Passed
Testcase is Passed
Testcase is Passed
Testcase is Passed
Testcase is Passed]]>
  </system-out>
</testsuite> <!-- TestFile.ALTC14_DomesticRoundTrip -->
